0.000 [ Info   ][Logger] No ORO_LOGLEVEL environment variable set.
0.000 [ Info   ][Logger]  OROCOS version '2.5.0' compiled with GCC 4.6.1. Running in GNU/Linux.
0.000 [ Info   ][Logger] Orocos Logging Activated at level : [ Warning] ( 4 ) 
0.000 [ Info   ][Logger] Reference System Time is : 1326200518736726914 ticks ( 1.3262e+09 seconds ).
0.000 [ Info   ][Logger] Logging is relative to this time.
0.000 [ Info   ][Logger] No RTT_COMPONENT_PATH set. Using default: /
0.000 [ Info   ][Logger] plugin 'rtt' not loaded before.
0.000 [ Info   ][Logger] typekit 'rtt' not loaded before.
0.000 [ Info   ][TypekitRepository::Import] Loading Typekit rtt-types.
0.001 [ Info   ][TypekitRepository::Import] Loading Transport CORBA://rtt-types.
0.001 [ Info   ][TypekitRepository::Import] Registered new 'CORBA' transport for ConnPolicy
0.001 [ Info   ][TypekitRepository::Import] Registered new 'CORBA' transport for TaskContext
0.001 [ Info   ][TypekitRepository::Import] Registered new 'CORBA' transport for array
0.001 [ Info   ][TypekitRepository::Import] Registered new 'CORBA' transport for bool
0.001 [ Info   ][TypekitRepository::Import] Registered new 'CORBA' transport for char
0.001 [ Info   ][TypekitRepository::Import] Registered new 'CORBA' transport for double
0.001 [ Info   ][TypekitRepository::Import] Registered new 'CORBA' transport for float
0.001 [ Info   ][TypekitRepository::Import] Registered new 'CORBA' transport for int
0.001 [ Info   ][TypekitRepository::Import] Registered new 'CORBA' transport for string
0.001 [ Info   ][TypekitRepository::Import] Registered new 'CORBA' transport for uint
0.001 [ Info   ][TypekitRepository::Import] Registered new 'CORBA' transport for void
0.001 [ Info   ][TypekitRepository::Import] Loading Typekit /orogen/pressure_paroscientific.
0.001 [ Info   ][TypekitRepository::Import] Loading Transport CORBA:///orogen/pressure_paroscientific.
0.001 [ Info   ][TypekitRepository::Import] Registered new 'CORBA' transport for /pressure_paroscientific/ParoData
0.001 [ Info   ][TypekitRepository::Import] Registered new 'CORBA' transport for ConnPolicy
0.001 [ Info   ][TypekitRepository::Import] Registered new 'CORBA' transport for TaskContext
0.001 [ Info   ][TypekitRepository::Import] Registered new 'CORBA' transport for array
0.001 [ Info   ][TypekitRepository::Import] Registered new 'CORBA' transport for bool
0.001 [ Info   ][TypekitRepository::Import] Registered new 'CORBA' transport for char
0.001 [ Info   ][TypekitRepository::Import] Registered new 'CORBA' transport for double
0.001 [ Info   ][TypekitRepository::Import] Registered new 'CORBA' transport for float
0.001 [ Info   ][TypekitRepository::Import] Registered new 'CORBA' transport for int
0.001 [ Info   ][TypekitRepository::Import] Registered new 'CORBA' transport for string
0.001 [ Info   ][TypekitRepository::Import] Registered new 'CORBA' transport for uint
0.001 [ Info   ][TypekitRepository::Import] Registered new 'CORBA' transport for void
0.003 [ Info   ][TypekitRepository::Import] Loading Transport Typelib:///orogen/pressure_paroscientific.
0.003 [ Info   ][TypekitRepository::Import] Registered new 'Typelib' transport for /pressure_paroscientific/ParoData
0.003 [ Info   ][TypekitRepository::Import] Loading Typekit /orogen/ba0.294 [ Info   ][TypekitRepository::Import] Loading Typekit /orogen/pressure_paroscientific.
0.294 [ Info   ][Logger] Loaded RTT TypeKit/Transport '/orogen/pressure_paroscientific' from 'pressure_paroscientific-typekit'
0.298 [ Info   ][TypekitRepository::Import] Loading Transport Typelib:///orogen/pressure_paroscientific.
0.298 [ Info   ][TypekitRepository::Import] Registered new 'Typelib' transport for /pressure_paroscientific/ParoData
0.298 [ Info   ][Logger] Loaded RTT TypeKit/Transport '/orogen/pressure_paroscientific/TYPELIB' from 'pressure_paroscientific-transport-typelib'
0.389 [ Info   ][TypekitRepository::Import] Loading Transport CORBA:///orogen/pressure_paroscientific.
0.389 [ Info   ][TypekitRepository::Import] Registered new 'CORBA' transport for /pressure_paroscientific/ParoData
0.389 [ Info   ][TypekitRepository::Import] Registered new 'CORBA' transport for ConnPolicy
0.389 [ Info   ][TypekitRepository::Import] Registered new 'CORBA' transport for TaskContext
0.389 [ Info   ][TypekitRepository::Import] Registered new 'CORBA' transport for array
0.389 [ Info   ][TypekitRepository::Import] Registered new 'CORBA' transport for bool
0.389 [ Info   ][TypekitRepository::Import] Registered new 'CORBA' transport for char
0.389 [ Info   ][TypekitRepository::Import] Registered new 'CORBA' transport for double
0.389 [ Info   ][TypekitRepository::Import] Registered new 'CORBA' transport for float
0.389 [ Info   ][TypekitRepository::Import] Registered new 'CORBA' transport for int
0.389 [ Info   ][TypekitRepository::Import] Registered new 'CORBA' transport for string
0.389 [ Info   ][TypekitRepository::Import] Registered new 'CORBA' transport for uint
0.389 [ Info   ][TypekitRepository::Import] Registered new 'CORBA' transport for void
0.389 [ Info   ][Logger] Loaded RTT TypeKit/Transport '/orogen/pressure_paroscientific/CORBA' from 'pressure_paroscientific-transport-corba'
0.481 [ Info   ][TypekitRepository::Import] Loading Typekit /orogen/iodrivers_base.
0.481 [ Info   ][Logger] Loaded RTT TypeKit/Transport '/orogen/iodrivers_base' from 'iodrivers_base-typekit'
0.484 [ Info   ][TypekitRepository::Import] Loading Transport Typelib:///orogen/iodrivers_base.
0.484 [ Info   ][TypekitRepository::Import] Registered new 'Typelib' transport for /iodrivers_base/RawPacket
0.484 [ Info   ][TypekitRepository::Import] Registered new 'Typelib' transport for /iodrivers_base/Status
0.484 [ Info   ][TypekitRepository::Import] Registered new 'Typelib' transport for /pressure_paroscientific/ParoData
0.484 [ Info   ][Logger] Loaded RTT TypeKit/Transport '/orogen/iodrivers_base/TYPELIB' from 'iodrivers_base-transport-typelib'
0.487 [ Info   ][TypekitRepository::Import] Loading Transport CORBA:///orogen/iodrivers_base.
0.487 [ Info   ][TypekitRepository::Import] Registered new 'CORBA' transport for /iodrivers_base/RawPacket
0.487 [ Info   ][TypekitRepository::Import] Registered new 'CORBA' transport for /iodrivers_base/Status
0.487 [ Info   ][TypekitRepository::Import] Registered new 'CORBA' transport for /pressure_paroscientific/ParoData
0.487 [ Info   ][TypekitRepository::Import] Registered new 'CORBA' transport for ConnPolicy
0.487 [ Info   ][TypekitRepository::Import] Registered new 'CORBA' transport for TaskContext
0.487 [ Info   ][TypekitRepository::Import] Registered new 'CORBA' transport for array
0.487 [ Info   ][TypekitRepository::Import] Registered new 'CORBA' transport for bool
0.487 [ Info   ][TypekitRepository::Import] Registered new 'CORBA' transport for char
0.487 [ Info   ][TypekitRepository::Import] Registered new 'CORBA' transport for double
0.487 [ Info   ][TypekitRepository::Import] Registered new 'CORBA' transport for float
0.487 [ Info   ][TypekitRepository::Import] Registered new 'CORBA' transport for int
0.487 [ Info   ][TypekitRepository::Import] Registered new 'CORBA' transport for string
0.487 [ Info   ][TypekitRepository::Import] Registered new 'CORBA' transport for uint
0.487 [ Info   ][TypekitRepository::Import] Registered new 'CORBA' transport for void
0.487 [ Info   ][Logger] Loaded RTT TypeKit/Transport '/orogen/iodrivers_base/CORBA' from 'iodrivers_base-transport-corba'
0.511 [ Info   ][TypekitRepository::Import] Loading Typekit /orogen/base.
0.511 [ Info   ][TypekitRepository::Import] TypeInfo for type '/std/string' already exists as 'string': I'll alias the original and install the new instance.
0.511 [ Info   ][TypekitRepository::Import] Registered new 'CORBA' transport for /std/string
0.511 [ Info   ][TypekitRepository::Import] Registered new 'CORBA' transport for /std/string
0.511 [ Info   ][TypekitRepository::Import] TypeInfo for type '/std/vector</double>' already exists as 'array': I'll alias the original and install the new instance.
0.511 [ Info   ][TypekitRepository::Import] Registered new 'CORBA' transport for /std/vector</double>
0.511 [ Info   ][TypekitRepository::Import] Registered new 'CORBA' transport for /std/vector</double>
0.512 [ Info   ][Logger] Loaded RTT TypeKit/Transport '/orogen/base' from 'base-typekit'
0.557 [ Info   ][TypekitRepository::Import] Loading Transport Typelib:///orogen/base.
0.557 [ Info   ][TypekitRepository::Import] Registered new 'Typelib' transport for /RTT/extras/ReadOnlyPointer</base/samples/frame/Frame>
0.557 [ Info   ][TypekitRepository::Import] Registered new 'Typelib' transport for /RTT/extras/ReadOnlyPointer</base/samples/frame/FramePair>
0.557 [ Info   ][TypekitRepository::Import] Registered new 'Typelib' transport for /base/AUVMotionCommand
0.557 [ Info   ][TypekitRepository::Import] Registered new 'Typelib' transport for /base/AUVPositionCommand
0.557 [ Info   ][TypekitRepository::Import] Registered new 'Typelib' transport for /base/Matrix4d
0.557 [ Info   ][TypekitRepository::Import] Registered new 'Typelib' transport for /base/Matrix6d
0.557 [ Info   ][TypekitRepository::Import] Registered new 'Typelib' transport for /base/MotionCommand2D
0.557 [ Info   ][TypekitRepository::Import] Registered new 'Typelib' transport for /base/Pose
0.557 [ Info   ][TypekitRepository::Import] Registered new 'Typelib' transport for /base/SpeedCommand6D
0.557 [ Info   ][TypekitRepository::Import] Registered new 'Typelib' transport for /base/Time
0.557 [ Info   ][TypekitRepository::Import] Registered new 'Typelib' transport for /base/Vector3d
0.557 [ Info   ][TypekitRepository::Import] Registered new 'Typelib' transport for /base/Waypoint
0.557 [ Info   ][TypekitRepository::Import] Registered new 'Typelib' transport for /base/actuators/Command
0.557 [ Info   ][TypekitRepository::Import] Registered new 'Typelib' transport for /base/actuators/Status
0.557 [ Info   ][TypekitRepository::Import] Registered new 'Typelib' transport for /base/geometry/Spline<1>
0.557 [ Info   ][TypekitRepository::Import] Registered new 'Typelib' transport for /base/geometry/Spline<3>
0.557 [ Info   ][TypekitRepository::Import] Registered new 'Typelib' transport for /base/samples/DistanceImage
0.557 [ Info   ][TypekitRepository::Import] Registered new 'Typelib' transport for /base/samples/IMUSensors
0.557 [ Info   ][TypekitRepository::Import] Registered new 'Typelib' transport for /base/samples/LaserScan
0.557 [ Info   ][TypekitRepository::Import] Registered new 'Typelib' transport for /base/samples/Pointcloud
0.557 [ Info   ][TypekitRepository::Import] Registered new 'Typelib' transport for /base/samples/RigidBodyAcceleration
0.557 [ Info   ][TypekitRepository::Import] Registered new 'Typelib' transport for /base/samples/RigidBodyState
0.557 [ Info   ][TypekitRepository::Import] Registered new 'Typelib' transport for /base/samples/SonarBeam
0.557 [ Info   ][TypekitRepository::Import] Registered new 'Typelib' transport for /base/samples/frame/Frame
0.557 [ Info   ][TypekitRepository::Import] Registered new 'Typelib' transport for /base/samples/frame/FramePair
0.557 [ Info   ][TypekitRepository::Import] Registered new 'Typelib' transport for /base/samples/frame/frame_mode_t
0.557 [ Info   ][TypekitRepository::Import] Registered new 'Typelib' transport for /iodrivers_base/RawPacket
0.557 [ Info   ][TypekitRepository::Import] Registered new 'Typelib' transport for /iodrivers_base/Status
0.557 [ Info   ][TypekitRepository::Import] Registered new 'Typelib' transport for /pressure_paroscientific/ParoData
0.557 [ Info   ][TypekitRepository::Import] Registered new 'Typelib' transport for /std/string
0.557 [ Info   ][TypekitRepository::Import] Registered new 'Typelib' transport for /std/vector</base/Vector3d>
0.557 [ Info   ][TypekitRepository::Import] Registered new 'Typelib' transport for /std/vector</base/Waypoint>
0.557 [ Info   ][TypekitRepository::Import] Registered new 'Typelib' transport for /std/vector</double>
0.557 [ Info   ][TypekitRepository::Import] Registered new 'Typelib' transport for /std/vector</uint32_t>
0.557 [ Info   ][TypekitRepository::Import] Registered new 'Typelib' transport for array
0.557 [ Info   ][TypekitRepository::Import] Registered new 'Typelib' transport for bool
0.557 [ Info   ][TypekitRepository::Import] Registered new 'Typelib' transport for char
0.557 [ Info   ][TypekitRepository::Import] Registered new 'Typelib' transport for double
0.557 [ Info   ][TypekitRepository::Import] Registered new 'Typelib' transport for float
0.557 [ Info   ][TypekitRepository::Import] Registered new 'Typelib' transport for int
0.557 [ Info   ][TypekitRepository::Import] Registered new 'Typelib' transport for string
0.557 [ Info   ][TypekitRepository::Import] Registered new 'Typelib' transport for uint
0.557 [ Info   ][Logger] Loaded RTT TypeKit/Transport '/orogen/base/TYPELIB' from 'base-transport-typelib'
0.558 [ Info   ][TypekitRepository::Import] Loading Transport CORBA:///orogen/base.
0.558 [ Info   ][TypekitRepository::Import] Registered new 'CORBA' transport for /RTT/extras/ReadOnlyPointer</base/samples/frame/Frame>
0.558 [ Info   ][TypekitRepository::Import] Registered new 'CORBA' transport for /RTT/extras/ReadOnlyPointer</base/samples/frame/FramePair>
0.558 [ Info   ][TypekitRepository::Import] Registered new 'CORBA' transport for /base/AUVMotionCommand
0.558 [ Info   ][TypekitRepository::Import] Registered new 'CORBA' transport for /base/AUVPositionCommand
0.558 [ Info   ][TypekitRepository::Import] Registered new 'CORBA' transport for /base/Matrix4d
0.558 [ Info   ][TypekitRepository::Import] Registered new 'CORBA' transport for /base/Matrix6d
0.558 [ Info   ][TypekitRepository::Import] Registered new 'CORBA' transport for /base/MotionCommand2D
0.558 [ Info   ][TypekitRepository::Import] Registered new 'CORBA' transport for /base/Pose
0.558 [ Info   ][TypekitRepository::Import] Registered new 'CORBA' transport for /base/SpeedCommand6D
0.558 [ Info   ][TypekitRepository::Import] Registered new 'CORBA' transport for /base/Time
0.558 [ Info   ][TypekitRepository::Import] Registered new 'CORBA' transport for /base/Vector3d
0.558 [ Info   ][TypekitRepository::Import] Registered new 'CORBA' transport for /base/Waypoint
0.558 [ Info   ][TypekitRepository::Import] Registered new 'CORBA' transport for /base/actuators/Command
0.558 [ Info   ][TypekitRepository::Import] Registered new 'CORBA' transport for /base/actuators/Status
0.558 [ Info   ][TypekitRepository::Import] Registered new 'CORBA' transport for /base/geometry/Spline<1>
0.558 [ Info   ][TypekitRepository::Import] Registered new 'CORBA' transport for /base/geometry/Spline<3>
0.558 [ Info   ][TypekitRepository::Import] Registered new 'CORBA' transport for /base/samples/DistanceImage
0.558 [ Info   ][TypekitRepository::Import] Registered new 'CORBA' transport for /base/samples/IMUSensors
0.558 [ Info   ][TypekitRepository::Import] Registered new 'CORBA' transport for /base/samples/LaserScan
0.558 [ Info   ][TypekitRepository::Import] Registered new 'CORBA' transport for /base/samples/Pointcloud
0.558 [ Info   ][TypekitRepository::Import] Registered new 'CORBA' transport for /base/samples/RigidBodyAcceleration
0.558 [ Info   ][TypekitRepository::Import] Registered new 'CORBA' transport for /base/samples/RigidBodyState
0.558 [ Info   ][TypekitRepository::Import] Registered new 'CORBA' transport for /base/samples/SonarBeam
0.558 [ Info   ][TypekitRepository::Import] Registered new 'CORBA' transport for /base/samples/frame/Frame
0.558 [ Info   ][TypekitRepository::Import] Registered new 'CORBA' transport for /base/samples/frame/FramePair
0.558 [ Info   ][TypekitRepository::Import] Registered new 'CORBA' transport for /base/samples/frame/frame_mode_t
0.558 [ Info   ][TypekitRepository::Import] Registered new 'CORBA' transport for /iodrivers_base/RawPacket
0.558 [ Info   ][TypekitRepository::Import] Registered new 'CORBA' transport for /iodrivers_base/Status
0.558 [ Info   ][TypekitRepository::Import] Registered new 'CORBA' transport for /pressure_paroscientific/ParoData
0.558 [ Info   ][TypekitRepository::Import] Registered new 'CORBA' transport for /std/string
0.558 [ Info   ][TypekitRepository::Import] Registered new 'CORBA' transport for /std/vector</base/Vector3d>
0.558 [ Info   ][TypekitRepository::Import] Registered new 'CORBA' transport for /std/vector</base/Waypoint>
0.558 [ Info   ][TypekitRepository::Import] Registered new 'CORBA' transport for /std/vector</double>
0.558 [ Info   ][TypekitRepository::Import] Registered new 'CORBA' transport for /std/vector</uint32_t>
0.558 [ Info   ][TypekitRepository::Import] Registered new 'CORBA' transport for ConnPolicy
0.558 [ Info   ][TypekitRepository::Import] Registered new 'CORBA' transport for TaskContext
0.558 [ Info   ][TypekitRepository::Import] Registered new 'CORBA' transport for array
0.558 [ Info   ][TypekitRepository::Import] Registered new 'CORBA' transport for bool
0.558 [ Info   ][TypekitRepository::Import] Registered new 'CORBA' transport for char
0.558 [ Info   ][TypekitRepository::Import] Registered new 'CORBA' transport for double
0.558 [ Info   ][TypekitRepository::Import] Registered new 'CORBA' transport for float
0.558 [ Info   ][TypekitRepository::Import] Registered new 'CORBA' transport for int
0.558 [ Info   ][TypekitRepository::Import] Registered new 'CORBA' transport for string
0.558 [ Info   ][TypekitRepository::Import] Registered new 'CORBA' transport for uint
0.558 [ Info   ][TypekitRepository::Import] Registered new 'CORBA' transport for void
0.558 [ Info   ][Logger] Loaded RTT TypeKit/Transport '/orogen/base/CORBA' from 'base-transport-corba'
0.616 [ Info   ][TypekitRepository::Import] Loading Typekit /orogen/logger.
0.616 [ Info   ][Logger] Loaded RTT TypeKit/Transport '/orogen/logger' from 'logger-typekit'
0.619 [ Info   ][TypekitRepository::Import] Loading Transport Typelib:///orogen/logger.
0.619 [ Info   ][TypekitRepository::Import] Registered new 'Typelib' transport for /RTT/extras/ReadOnlyPointer</base/samples/frame/Frame>
0.619 [ Info   ][TypekitRepository::Import] Registered new 'Typelib' transport for /RTT/extras/ReadOnlyPointer</base/samples/frame/FramePair>
0.619 [ Info   ][TypekitRepository::Import] Registered new 'Typelib' transport for /base/AUVMotionCommand
0.619 [ Info   ][TypekitRepository::Import] Registered new 'Typelib' transport for /base/AUVPositionCommand
0.619 [ Info   ][TypekitRepository::Import] Registered new 'Typelib' transport for /base/Matrix4d
0.619 [ Info   ][TypekitRepository::Import] Registered new 'Typelib' transport for /base/Matrix6d
0.619 [ Info   ][TypekitRepository::Import] Registered new 'Typelib' transport for /base/MotionCommand2D
0.619 [ Info   ][TypekitRepository::Import] Registered new 'Typelib' transport for /base/Pose
0.619 [ Info   ][TypekitRepository::Import] Registered new 'Typelib' transport for /base/SpeedCommand6D
0.619 [ Info   ][TypekitRepository::Import] Registered new 'Typelib' transport for /base/Time
0.619 [ Info   ][TypekitRepository::Import] Registered new 'Typelib' transport for /base/Vector3d
0.619 [ Info   ][TypekitRepository::Import] Registered new 'Typelib' transport for /base/Waypoint
0.619 [ Info   ][TypekitRepository::Import] Registered new 'Typelib' transport for /base/actuators/Command
0.619 [ Info   ][TypekitRepository::Import] Registered new 'Typelib' transport for /base/actuators/Status
0.619 [ Info   ][TypekitRepository::Import] Registered new 'Typelib' transport for /base/geometry/Spline<1>
0.619 [ Info   ][TypekitRepository::Import] Registered new 'Typelib' transport for /base/geometry/Spline<3>
0.619 [ Info   ][TypekitRepository::Import] Registered new 'Typelib' transport for /base/samples/DistanceImage
0.619 [ Info   ][TypekitRepository::Import] Registered new 'Typelib' transport for /base/samples/IMUSensors
0.619 [ Info   ][TypekitRepository::Import] Registered new 'Typelib' transport for /base/samples/LaserScan
0.619 [ Info   ][TypekitRepository::Import] Registered new 'Typelib' transport for /base/samples/Pointcloud
0.619 [ Info   ][TypekitRepository::Import] Registered new 'Typelib' transport for /base/samples/RigidBodyAcceleration
0.619 [ Info   ][TypekitRepository::Import] Registered new 'Typelib' transport for /base/samples/RigidBodyState
0.620 [ Info   ][TypekitRepository::Import] Registered new 'Typelib' transport for /base/samples/SonarBeam
0.620 [ Info   ][TypekitRepository::Import] Registered new 'Typelib' transport for /base/samples/frame/Frame
0.620 [ Info   ][TypekitRepository::Import] Registered new 'Typelib' transport for /base/samples/frame/FramePair
0.620 [ Info   ][TypekitRepository::Import] Registered new 'Typelib' transport for /base/samples/frame/frame_mode_t
0.620 [ Info   ][TypekitRepository::Import] Registered new 'Typelib' transport for /iodrivers_base/RawPacket
0.620 [ Info   ][TypekitRepository::Import] Registered new 'Typelib' transport for /iodrivers_base/Status
0.620 [ Info   ][TypekitRepository::Import] Registered new 'Typelib' transport for /logger/Annotations
0.620 [ Info   ][TypekitRepository::Import] Registered new 'Typelib' transport for /logger/Marker
0.620 [ Info   ][TypekitRepository::Import] Registered new 'Typelib' transport for /pressure_paroscientific/ParoData
0.620 [ Info   ][TypekitRepository::Import] Registered new 'Typelib' transport for /std/string
0.620 [ Info   ][TypekitRepository::Import] Registered new 'Typelib' transport for /std/vector</base/Vector3d>
0.620 [ Info   ][TypekitRepository::Import] Registered new 'Typelib' transport for /std/vector</base/Waypoint>
0.620 [ Info   ][TypekitRepository::Import] Registered new 'Typelib' transport for /std/vector</double>
0.620 [ Info   ][TypekitRepository::Import] Registered new 'Typelib' transport for /std/vector</logger/StreamMetadata>
0.620 [ Info   ][TypekitRepository::Import] Registered new 'Typelib' transport for /std/vector</uint32_t>
0.620 [ Info   ][TypekitRepository::Import] Registered new 'Typelib' transport for array
0.620 [ Info   ][TypekitRepository::Import] Registered new 'Typelib' transport for bool
0.620 [ Info   ][TypekitRepository::Import] Registered new 'Typelib' transport for char
0.620 [ Info   ][TypekitRepository::Import] Registered new 'Typelib' transport for double
0.620 [ Info   ][TypekitRepository::Import] Registered new 'Typelib' transport for float
0.620 [ Info   ][TypekitRepository::Import] Registered new 'Typelib' transport for int
0.620 [ Info   ][TypekitRepository::Import] Registered new 'Typelib' transport for string
0.620 [ Info   ][TypekitRepository::Import] Registered new 'Typelib' transport for uint
0.620 [ Info   ][Logger] Loaded RTT TypeKit/Transport '/orogen/logger/TYPELIB' from 'logger-transport-typelib'
0.621 [ Info   ][TypekitRepository::Import] Loading Transport CORBA:///orogen/logger.
0.621 [ Info   ][TypekitRepository::Import] Registered new 'CORBA' transport for /RTT/extras/ReadOnlyPointer</base/samples/frame/Frame>
0.621 [ Info   ][TypekitRepository::Import] Registered new 'CORBA' transport for /RTT/extras/ReadOnlyPointer</base/samples/frame/FramePair>
0.621 [ Info   ][TypekitRepository::Import] Registered new 'CORBA' transport for /base/AUVMotionCommand
0.621 [ Info   ][TypekitRepository::Import] Registered new 'CORBA' transport for /base/AUVPositionCommand
0.621 [ Info   ][TypekitRepository::Import] Registered new 'CORBA' transport for /base/Matrix4d
0.621 [ Info   ][TypekitRepository::Import] Registered new 'CORBA' transport for /base/Matrix6d
0.621 [ Info   ][TypekitRepository::Import] Registered new 'CORBA' transport for /base/MotionCommand2D
0.621 [ Info   ][TypekitRepository::Import] Registered new 'CORBA' transport for /base/Pose
0.621 [ Info   ][TypekitRepository::Import] Registered new 'CORBA' transport for /base/SpeedCommand6D
0.621 [ Info   ][TypekitRepository::Import] Registered new 'CORBA' transport for /base/Time
0.621 [ Info   ][TypekitRepository::Import] Registered new 'CORBA' transport for /base/Vector3d
0.621 [ Info   ][TypekitRepository::Import] Registered new 'CORBA' transport for /base/Waypoint
0.621 [ Info   ][TypekitRepository::Import] Registered new 'CORBA' transport for /base/actuators/Command
0.621 [ Info   ][TypekitRepository::Import] Registered new 'CORBA' transport for /base/actuators/Status
0.621 [ Info   ][TypekitRepository::Import] Registered new 'CORBA' transport for /base/geometry/Spline<1>
0.621 [ Info   ][TypekitRepository::Import] Registered new 'CORBA' transport for /base/geometry/Spline<3>
0.621 [ Info   ][TypekitRepository::Import] Registered new 'CORBA' transport for /base/samples/DistanceImage
0.621 [ Info   ][TypekitRepository::Import] Registered new 'CORBA' transport for /base/samples/IMUSensors
0.621 [ Info   ][TypekitRepository::Import] Registered new 'CORBA' transport for /base/samples/LaserScan
0.621 [ Info   ][TypekitRepository::Import] Registered new 'CORBA' transport for /base/samples/Pointcloud
0.621 [ Info   ][TypekitRepository::Import] Registered new 'CORBA' transport for /base/samples/RigidBodyAcceleration
0.621 [ Info   ][TypekitRepository::Import] Registered new 'CORBA' transport for /base/samples/RigidBodyState
0.621 [ Info   ][TypekitRepository::Import] Registered new 'CORBA' transport for /base/samples/SonarBeam
0.621 [ Info   ][TypekitRepository::Import] Registered new 'CORBA' transport for /base/samples/frame/Frame
0.621 [ Info   ][TypekitRepository::Import] Registered new 'CORBA' transport for /base/samples/frame/FramePair
0.621 [ Info   ][TypekitRepository::Import] Registered new 'CORBA' transport for /base/samples/frame/frame_mode_t
0.621 [ Info   ][TypekitRepository::Import] Registered new 'CORBA' transport for /iodrivers_base/RawPacket
0.621 [ Info   ][TypekitRepository::Import] Registered new 'CORBA' transport for /iodrivers_base/Status
0.621 [ Info   ][TypekitRepository::Import] Registered new 'CORBA' transport for /logger/Annotations
0.621 [ Info   ][TypekitRepository::Import] Registered new 'CORBA' transport for /logger/Marker
0.621 [ Info   ][TypekitRepository::Import] Registered new 'CORBA' transport for /pressure_paroscientific/ParoData
0.621 [ Info   ][TypekitRepository::Import] Registered new 'CORBA' transport for /std/string
0.621 [ Info   ][TypekitRepository::Import] Registered new 'CORBA' transport for /std/vector</base/Vector3d>
0.621 [ Info   ][TypekitRepository::Import] Registered new 'CORBA' transport for /std/vector</base/Waypoint>
0.621 [ Info   ][TypekitRepository::Import] Registered new 'CORBA' transport for /std/vector</double>
0.621 [ Info   ][TypekitRepository::Import] Registered new 'CORBA' transport for /std/vector</logger/StreamMetadata>
0.621 [ Info   ][TypekitRepository::Import] Registered new 'CORBA' transport for /std/vector</uint32_t>
0.622 [ Info   ][TypekitRepository::Import] Registered new 'CORBA' transport for ConnPolicy
0.622 [ Info   ][TypekitRepository::Import] Registered new 'CORBA' transport for TaskContext
0.622 [ Info   ][TypekitRepository::Import] Registered new 'CORBA' transport for array
0.622 [ Info   ][TypekitRepository::Import] Registered new 'CORBA' transport for bool
0.622 [ Info   ][TypekitRepository::Import] Registered new 'CORBA' transport for char
0.622 [ Info   ][TypekitRepository::Import] Registered new 'CORBA' transport for double
0.622 [ Info   ][TypekitRepository::Import] Registered new 'CORBA' transport for float
0.622 [ Info   ][TypekitRepository::Import] Registered new 'CORBA' transport for int
0.622 [ Info   ][TypekitRepository::Import] Registered new 'CORBA' transport for string
0.622 [ Info   ][TypekitRepository::Import] Registered new 'CORBA' transport for uint
0.622 [ Info   ][TypekitRepository::Import] Registered new 'CORBA' transport for void
0.622 [ Info   ][Logger] Loaded RTT TypeKit/Transport '/orogen/logger/CORBA' from 'logger-transport-corba'
11.822 [ Info   ][ShutdownOrb] Cleaning up TaskContextServers...
11.855 [ Info   ][~TaskContextServer()] Successfully removed CTaskContext 'orocosrb_15373' from CORBA Naming Service.
11.855 [ Info   ][ShutdownOrb] Cleanup done.
11.855 [ Info   ][ShutdownOrb] Orb Shutdown...waiting...
11.855 [ Info   ][ShutdownOrb] done.
nsport for /base/Waypoint
0.020 [ Info   ][TypekitRepository::Import] Registered new 'Typelib' transport for /base/actuators/Command
0.020 [ Info   ][TypekitRepository::Import] Registered new 'Typelib' transport for /base/actuators/Status
0.020 [ Info   ][TypekitRepository::Import] Registered new 'Typelib' transport for /base/geometry/Spline<1>
0.020 [ Info   ][TypekitRepository::Import] Registered new 'Typelib' transport for /base/geometry/Spline<3>
0.020 [ Info   ][TypekitRepository::Import] Registered new 'Typelib' transport for /base/samples/DistanceImage
0.020 [ Info   ][TypekitRepository::Import] Registered new 'Typelib' transport for /base/samples/IMUSensors
0.020 [ Info   ][TypekitRepository::Import] Registered new 'Typelib' transport for /base/samples/LaserScan
0.020 [ Info   ][TypekitRepository::Import] Registered new 'Typelib' transport for /base/samples/Pointcloud
0.020 [ Info   ][TypekitRepository::Import] Registered new 'Typelib' transport for /base/samples/RigidBodyAcceleration
0.020 [ Info   ][TypekitRepository::Import] Registered new 'Typelib' transport for /base/samples/RigidBodyState
0.020 [ Info   ][TypekitRepository::Import] Registered new 'Typelib' transport for /base/samples/SonarBeam
0.020 [ Info   ][TypekitRepository::Import] Registered new 'Typelib' transport for /base/samples/frame/Frame
0.020 [ Info   ][TypekitRepository::Import] Registered new 'Typelib' transport for /base/samples/frame/FramePair
0.020 [ Info   ][TypekitRepository::Import] Registered new 'Typelib' transport for /base/samples/frame/frame_mode_t
0.020 [ Info   ][TypekitRepository::Import] Registered new 'Typelib' transport for /iodrivers_base/RawPacket
0.020 [ Info   ][TypekitRepository::Import] Registered new 'Typelib' transport for /iodrivers_base/Status
0.020 [ Info   ][TypekitRepository::Import] Registered new 'Typelib' transport for /logger/Annotations
0.020 [ Info   ][TypekitRepository::Import] Registered new 'Typelib' transport for /logger/Marker
0.020 [ Info   ][TypekitRepository::Import] Registered new 'Typelib' transport for /pressure_paroscientific/ParoData
0.020 [ Info   ][TypekitRepository::Import] Registered new 'Typelib' transport for /std/string
0.020 [ Info   ][TypekitRepository::Import] Registered new 'Typelib' transport for /std/vector</base/Vector3d>
0.020 [ Info   ][TypekitRepository::Import] Registered new 'Typelib' transport for /std/vector</base/Waypoint>
0.020 [ Info   ][TypekitRepository::Import] Registered new 'Typelib' transport for /std/vector</double>
0.020 [ Info   ][TypekitRepository::Import] Registered new 'Typelib' transport for /std/vector</logger/StreamMetadata>
0.020 [ Info   ][TypekitRepository::Import] Registered new 'Typelib' transport for /std/vector</uint32_t>
0.020 [ Info   ][TypekitRepository::Import] Registered new 'Typelib' transport for array
0.020 [ Info   ][TypekitRepository::Import] Registered new 'Typelib' transport for bool
0.020 [ Info   ][TypekitRepository::Import] Registered new 'Typelib' transport for char
0.021 [ Info   ][TypekitRepository::Import] Registered new 'Typelib' transport for double
0.021 [ Info   ][TypekitRepository::Import] Registered new 'Typelib' transport for float
0.021 [ Info   ][TypekitRepository::Import] Registered new 'Typelib' transport for int
0.021 [ Info   ][TypekitRepository::Import] Registered new 'Typelib' transport for string
0.021 [ Info   ][TypekitRepository::Import] Registered new 'Typelib' transport for uint
0.021 [ Info   ][Thread] Creating Thread for scheduler=0, priority=0, CPU affinity=0, with name='paro'
0.021 [ Info   ][paro] Thread created with scheduler type '0', priority 0, cpu affinity 255 and period 0.
0.022 [ Info   ][Thread] Creating Thread for scheduler=0, priority=0, CPU affinity=0, with name='GlobalEngine'
0.022 [ Info   ][GlobalEngine] Thread created with scheduler type '0', priority 0, cpu affinity 255 and period 0.
0.023 [ Info   ][Thread] Creating Thread for scheduler=0, priority=1, CPU affinity=0, with name='orogen_default_pressure_paroscientific__Task'
0.023 [ Info   ][orogen_default_pressure_paroscientific__Task] Thread created with scheduler type '0', priority 0, cpu affinity 255 and period 0.
0.024 [ Info   ][/home/hbuettner/rock/install/bin/orogen_default_pressure_paroscientific__Task::main()] Creating new TaskContextServer for paro
0.025 [ Info   ][TaskContextServer()] CTaskContext 'paro' found CORBA Naming Service.
0.026 [ Info   ][TaskContextServer()] Successfully added CTaskContext 'paro' to CORBA Naming Service.
0.026 [ Info   ][Thread] Creating Thread for scheduler=0, priority=1, CPU affinity=0, with name='paro.CorbaDispatch'
0.026 [ Info   ][paro.CorbaDispatch] Thread created with scheduler type '0', priority 0, cpu affinity 255 and period 0.
0.026 [ Info   ][/home/hbuettner/rock/install/bin/orogen_default_pressure_paroscientific__Task::main()] Started paro.CorbaDispatch.
0.026 [ Info   ][Thread] Creating Thread for scheduler=0, priority=0, CPU affinity=0, with name='paro_Logger'
0.027 [ Info   ][paro_Logger] Thread created with scheduler type '0', priority 0, cpu affinity 255 and period 0.
0.069 [ Info   ][/home/hbuettner/rock/install/bin/orogen_default_pressure_paroscientific__Task::main()] loaded /home/hbuettner/rock/install/share/orogen/dvl_teledyne.tlb in the data logger registry
0.079 [ Info   ][/home/hbuettner/rock/install/bin/orogen_default_pressure_paroscientific__Task::main()] loaded /home/hbuettner/rock/install/share/orogen/logger.tlb in the data logger registry
0.088 [ Info   ][/home/hbuettner/rock/install/bin/orogen_default_pressure_paroscientific__Task::main()] loaded /home/hbuettner/rock/install/share/orogen/iodrivers_base.tlb in the data logger registry
0.097 [ Info   ][/home/hbuettner/rock/install/bin/orogen_default_pressure_paroscientific__Task::main()] loaded /home/hbuettner/rock/install/share/orogen/pressure_paroscientific.tlb in the data logger registry
0.108 [ Info   ][/home/hbuettner/rock/install/bin/orogen_default_pressure_paroscientific__Task::main()] loaded /home/hbuettner/rock/install/share/orogen/aggregator.tlb in the data logger registry
0.120 [ Info   ][/home/hbuettner/rock/install/bin/orogen_default_pressure_paroscientific__Task::main()] loaded /home/hbuettner/rock/install/share/orogen/gps.tlb in the data logger registry
0.172 [ Info   ][/home/hbuettner/rock/install/bin/orogen_default_pressure_paroscientific__Task::main()] loaded /home/hbuettner/rock/install/share/orogen/base.tlb in the data logger registry
0.186 [ Info   ][/home/hbuettner/rock/install/bin/orogen_default_pressure_paroscientific__Task::main()] loaded /home/hbuettner/rock/install/share/orogen/canbus.tlb in the data logger registry
0.198 [ Info   ][/home/hbuettner/rock/install/bin/orogen_default_pressure_paroscientific__Task::main()] loaded /home/hbuettner/rock/install/share/orogen/ctd_seabird.tlb in the data logger registry
0.198 [ Info   ][Thread] Creating Thread for scheduler=0, priority=1, CPU affinity=0, with name='orogen_default_pressure_paroscientific__Task_Logger'
0.199 [ Info   ][orogen_default_pressure_paroscientific__Task_Logger] Thread created with scheduler type '0', priority 0, cpu affinity 255 and period 0.
0.199 [ Info   ][/home/hbuettner/rock/install/bin/orogen_default_pressure_paroscientific__Task::main()] Creating new TaskContextServer for paro_Logger
0.199 [ Info   ][TaskContextServer()] CTaskContext 'paro_Logger' found CORBA Naming Service.
0.199 [ Info   ][TaskContextServer()] Successfully added CTaskContext 'paro_Logger' to CORBA Naming Service.
0.199 [ Info   ][Thread] Creating Thread for scheduler=0, priority=1, CPU affinity=0, with name='paro_Logger.CorbaDispatch'
0.200 [ Info   ][paro_Logger.CorbaDispatch] Thread created with scheduler type '0', priority 0, cpu affinity 255 and period 0.
0.200 [ Info   ][/home/hbuettner/rock/install/bin/orogen_default_pressure_paroscientific__Task::main()] Started paro_Logger.CorbaDispatch.
0.200 [ Info   ][/home/hbuettner/rock/install/bin/orogen_default_pressure_paroscientific__Task::main()] Entering orb->run().
3.466 [ ERROR  ][/home/hbuettner/rock/install/bin/orogen_default_pressure_paroscientific__Task::main()] FileDescriptorActivity: timeout in select()
6.470 [ ERROR  ][/home/hbuettner/rock/install/bin/orogen_default_pressure_paroscientific__Task::main()] FileDescriptorActivity: timeout in select()
9.473 [ ERROR  ][/home/hbuettner/rock/install/bin/orogen_default_pressure_paroscientific__Task::main()] FileDescriptorActivity: timeout in select()
11.548 [ Info   ][ShutdownOrb] Cleaning up TaskContextServers...
11.548 [ Info   ][~TaskContextServer()] Successfully removed CTaskContext 'paro' from CORBA Naming Service.
11.549 [ Info   ][~TaskContextServer()] Successfully removed CTaskContext 'paro_Logger' from CORBA Naming Service.
11.549 [ Info   ][ShutdownOrb] Cleanup done.
11.549 [ Info   ][ShutdownOrb] Orb Shutdown...done.
11.550 [ Info   ][/home/hbuettner/rock/install/bin/orogen_default_pressure_paroscientific__Task::main()] Breaking out of orb->run().
11.553 [ Info   ][Logger] Orocos Logging Deactivated.
